2023-03-19 12:59:52.396  INFO 4276 --- [main] c.e.OnetomanyUnidirectionalApplication   : Starting OnetomanyUnidirectionalApplication using Java 17.0.4 on SONY with PID 4276 (E:\batch_kalai\19thcollection\onetomany-unidirectional\target\classes started by SONY in E:\batch_kalai\19thcollection\onetomany-unidirectional)
2023-03-19 12:59:52.404  INFO 4276 --- [main] c.e.OnetomanyUnidirectionalApplication   : No active profile set, falling back to 1 default profile: "default"
2023-03-19 12:59:52.966  INFO 4276 --- [main] .s.d.r.c.RepositoryConfigurationDelegate : Bootstrapping Spring Data JPA repositories in DEFAULT mode.
2023-03-19 12:59:53.004  INFO 4276 --- [main] .s.d.r.c.RepositoryConfigurationDelegate : Finished Spring Data repository scanning in 28 ms. Found 2 JPA repository interfaces.
2023-03-19 12:59:53.419  INFO 4276 --- [main] o.s.b.w.embedded.tomcat.TomcatWebServer  : Tomcat initialized with port(s): 9999 (http)
2023-03-19 12:59:53.428  INFO 4276 --- [main] o.apache.catalina.core.StandardService   : Starting service [Tomcat]
2023-03-19 12:59:53.428  INFO 4276 --- [main] org.apache.catalina.core.StandardEngine  : Starting Servlet engine: [Apache Tomcat/9.0.71]
2023-03-19 12:59:53.506  INFO 4276 --- [main] o.a.c.c.C.[Tomcat].[localhost].[/]       : Initializing Spring embedded WebApplicationContext
2023-03-19 12:59:53.506  INFO 4276 --- [main] w.s.c.ServletWebServerApplicationContext : Root WebApplicationContext: initialization completed in 1059 ms
2023-03-19 12:59:53.527  INFO 4276 --- [main] com.zaxxer.hikari.HikariDataSource       : HikariPool-1 - Starting...
2023-03-19 12:59:53.694  INFO 4276 --- [main] com.zaxxer.hikari.HikariDataSource       : HikariPool-1 - Start completed.
2023-03-19 12:59:53.702  INFO 4276 --- [main] o.s.b.a.h2.H2ConsoleAutoConfiguration    : H2 console available at '/h2'. Database available at 'jdbc:h2:mem:gunjan'
2023-03-19 12:59:53.793  INFO 4276 --- [main] o.hibernate.jpa.internal.util.LogHelper  : HHH000204: Processing PersistenceUnitInfo [name: default]
2023-03-19 12:59:53.857  INFO 4276 --- [main] org.hibernate.Version                    : HHH000412: Hibernate ORM core version 5.6.15.Final
2023-03-19 12:59:53.990  INFO 4276 --- [main] o.hibernate.annotations.common.Version   : HCANN000001: Hibernate Commons Annotations {5.1.2.Final}
2023-03-19 12:59:54.077  INFO 4276 --- [main] org.hibernate.dialect.Dialect            : HHH000400: Using dialect: org.hibernate.dialect.H2Dialect
2023-03-19 12:59:54.518  INFO 4276 --- [main] o.h.e.t.j.p.i.JtaPlatformInitiator       : HHH000490: Using JtaPlatform implementation: [org.hibernate.engine.transaction.jta.platform.internal.NoJtaPlatform]
2023-03-19 12:59:54.524  INFO 4276 --- [main] j.LocalContainerEntityManagerFactoryBean : Initialized JPA EntityManagerFactory for persistence unit 'default'
2023-03-19 12:59:54.897  WARN 4276 --- [main] JpaBaseConfiguration$JpaWebConfiguration : spring.jpa.open-in-view is enabled by default. Therefore, database queries may be performed during view rendering. Explicitly configure spring.jpa.open-in-view to disable this warning
2023-03-19 12:59:54.988  INFO 4276 --- [main] pertySourcedRequestMappingHandlerMapping : Mapped URL path [/v2/api-docs] onto method [springfox.documentation.swagger2.web.Swagger2Controller#getDocumentation(String, HttpServletRequest)]
2023-03-19 12:59:55.192  INFO 4276 --- [main] o.s.b.w.embedded.tomcat.TomcatWebServer  : Tomcat started on port(s): 9999 (http) with context path ''
2023-03-19 12:59:55.193  INFO 4276 --- [main] d.s.w.p.DocumentationPluginsBootstrapper : Context refreshed
2023-03-19 12:59:55.212  INFO 4276 --- [main] d.s.w.p.DocumentationPluginsBootstrapper : Found 1 custom documentation plugin(s)
2023-03-19 12:59:55.227  INFO 4276 --- [main] s.d.s.w.s.ApiListingReferenceScanner     : Scanning for api listing references
2023-03-19 12:59:55.327  INFO 4276 --- [main] c.e.OnetomanyUnidirectionalApplication   : Started OnetomanyUnidirectionalApplication in 3.227 seconds (JVM running for 3.67)
2023-03-19 13:00:28.165  INFO 4276 --- [http-nio-9999-exec-1] o.a.c.c.C.[Tomcat].[localhost].[/]       : Initializing Spring DispatcherServlet 'dispatcherServlet'
2023-03-19 13:00:28.166  INFO 4276 --- [http-nio-9999-exec-1] o.s.web.servlet.DispatcherServlet        : Initializing Servlet 'dispatcherServlet'
2023-03-19 13:00:28.168  INFO 4276 --- [http-nio-9999-exec-1] o.s.web.servlet.DispatcherServlet        : Completed initialization in 1 ms
2023-03-19 13:00:54.452  INFO 4276 --- [RMI TCP Connection(9)-127.0.0.1] inMXBeanRegistrar$SpringApplicationAdmin : Application shutdown requested.
2023-03-19 13:00:54.463  INFO 4276 --- [RMI TCP Connection(9)-127.0.0.1] o.apache.catalina.core.StandardService   : Stopping service [Tomcat]
2023-03-19 13:00:54.464  INFO 4276 --- [RMI TCP Connection(9)-127.0.0.1] o.a.c.c.C.[Tomcat].[localhost].[/]       : Destroying Spring FrameworkServlet 'dispatcherServlet'
2023-03-19 13:00:54.470  INFO 4276 --- [RMI TCP Connection(9)-127.0.0.1] j.LocalContainerEntityManagerFactoryBean : Closing JPA EntityManagerFactory for persistence unit 'default'
2023-03-19 13:00:54.471  INFO 4276 --- [RMI TCP Connection(9)-127.0.0.1] com.zaxxer.hikari.HikariDataSource       : HikariPool-1 - Shutdown initiated...
2023-03-19 13:00:54.473  INFO 4276 --- [RMI TCP Connection(9)-127.0.0.1] com.zaxxer.hikari.HikariDataSource       : HikariPool-1 - Shutdown completed.
